<?xml version="1.0" encoding="UTF-8"?>
<!-- Generated by org.testng.reporters.JUnitReportReporter -->
<testsuite hostname="DESKTOP-NT3AJV9" failures="0" tests="1" name="TestCases.TC01_Login_Test" time="2.466" errors="0" timestamp="2024-03-21T14:59:21 IST" skipped="0">
  <testcase classname="TestCases.TC01_Login_Test" name="Login" time="2.466"/>
  <system-out/>
</testsuite> <!-- TestCases.TC01_Login_Test -->
