<?xml version="1.0" encoding="UTF-8"?>
<!-- Generated by org.testng.reporters.JUnitReportReporter -->
<testsuite hostname="DESKTOP-NT3AJV9" failures="0" tests="1" name="TestCases.TC03_BuyProduct" time="0.000" errors="0" timestamp="2024-03-21T14:52:11 IST" skipped="1">
  <testcase classname="TestCases.TC03_BuyProduct" name="registerUser" time="0.000">
    <skipped/>
  </testcase> <!-- registerUser -->
  <system-out/>
</testsuite> <!-- TestCases.TC03_BuyProduct -->
