<?xml version="1.0" encoding="UTF-8"?>
<!-- Generated by org.testng.reporters.JUnitReportReporter -->
<testsuite hostname="DESKTOP-NT3AJV9" failures="0" tests="1" name="TestCases.TC02_AddToCart_Test" time="8.321" errors="0" timestamp="2024-03-21T14:53:59 IST" skipped="0">
  <testcase classname="TestCases.TC02_AddToCart_Test" name="AddProd" time="8.321"/>
  <system-out/>
</testsuite> <!-- TestCases.TC02_AddToCart_Test -->
